2026-06-29 16:30:52  INFO  ========================================================================
2026-06-29 16:30:52  INFO  dataset   : /home/aandong/projectYOLO/bottle_test/dataset/Botol Plastik Kelas 0-4.v1i.yolo26
2026-06-29 16:30:52  INFO  data.yaml : /home/aandong/projectYOLO/bottle_test/dataset/Botol Plastik Kelas 0-4.v1i.yolo26/data.yaml
2026-06-29 16:30:52  INFO  run dir   : /home/aandong/projectYOLO/bottle_test/runs/detect/yolo26s-Botol Plastik Kelas 0-4.v1i.yolo26
2026-06-29 16:30:52  INFO  log file  : /home/aandong/projectYOLO/bottle_test/runs/detect/yolo26s-Botol Plastik Kelas 0-4.v1i.yolo26/train-20260629-163052.log
2026-06-29 16:30:52  INFO  GPU       : NVIDIA GeForce RTX 4070 Ti SUPER
2026-06-29 16:30:52  INFO  epochs=100  patience=20  imgsz=640  batch=0.7  cache=disk  workers=6
2026-06-29 16:30:52  INFO  ========================================================================
2026-06-29 16:30:52  INFO  starting fresh from /home/aandong/projectYOLO/bottle_test/runs/detect/yolo26s-Botol-Plastik-Kelas-17---22--1/weights/best.pt
2026-06-29 16:30:53  ERROR  training stopped with an error: SPPF.__init__() takes from 3 to 4 positional arguments but 6 were given
Traceback (most recent call last):
  File "/home/aandong/projectYOLO/bottle_test/train_yolo26.py", line 172, in main
    model.train(
  File "/home/aandong/projectYOLO/yy26/lib/python3.10/site-packages/ultralytics/engine/model.py", line 797, in train
    self.trainer.model = self.trainer.get_model(weights=self.model if self.ckpt else None, cfg=self.model.yaml)
  File "/home/aandong/projectYOLO/yy26/lib/python3.10/site-packages/ultralytics/models/yolo/detect/train.py", line 164, in get_model
    model = DetectionModel(cfg, nc=self.data["nc"], ch=self.data["channels"], verbose=verbose and RANK == -1)
  File "/home/aandong/projectYOLO/yy26/lib/python3.10/site-packages/ultralytics/nn/tasks.py", line 399, in __init__
    self.model, self.save = parse_model(deepcopy(self.yaml), ch=ch, verbose=verbose)  # model, savelist
  File "/home/aandong/projectYOLO/yy26/lib/python3.10/site-packages/ultralytics/nn/tasks.py", line 1706, in parse_model
    m_ = torch.nn.Sequential(*(m(*args) for _ in range(n))) if n > 1 else m(*args)  # module
TypeError: SPPF.__init__() takes from 3 to 4 positional arguments but 6 were given
2026-06-29 16:30:53  INFO  re-run the SAME command to auto-resume from last.pt
