2026-05-21 06:27:07  INFO  ========================================================================
2026-05-21 06:27:07  INFO  dataset   : /home/aandong/projectYOLO/bottle_test/dataset/Botol-Plastik-Kelas-5---9-1
2026-05-21 06:27:07  INFO  data.yaml : /home/aandong/projectYOLO/bottle_test/dataset/Botol-Plastik-Kelas-5---9-1/data.yaml
2026-05-21 06:27:07  INFO  run dir   : /home/aandong/projectYOLO/bottle_test/runs/detect/yolo26s-Botol-Plastik-Kelas-5---9-1
2026-05-21 06:27:07  INFO  log file  : /home/aandong/projectYOLO/bottle_test/runs/detect/yolo26s-Botol-Plastik-Kelas-5---9-1/train-20260521-062707.log
2026-05-21 06:27:07  INFO  GPU       : NVIDIA GeForce RTX 4070 Ti SUPER
2026-05-21 06:27:07  INFO  epochs=100  patience=20  imgsz=640  batch=0.7  cache=disk  workers=6
2026-05-21 06:27:07  INFO  ========================================================================
2026-05-21 06:27:07  INFO  starting fresh from yolo26s.pt
2026-05-21 06:28:13  INFO  epoch   1/100  mAP50=0.2900  mAP50-95=0.2422  P=0.1804  R=0.4005
2026-05-21 06:28:18  INFO  epoch   2/100  mAP50=0.8269  mAP50-95=0.6430  P=0.7073  R=0.7936
2026-05-21 06:28:23  INFO  epoch   3/100  mAP50=0.6317  mAP50-95=0.4860  P=0.4817  R=0.6152
2026-05-21 06:28:29  INFO  epoch   4/100  mAP50=0.8244  mAP50-95=0.5992  P=0.7298  R=0.7603
2026-05-21 06:28:34  INFO  epoch   5/100  mAP50=0.9098  mAP50-95=0.5855  P=0.8405  R=0.7602
2026-05-21 06:28:39  INFO  epoch   6/100  mAP50=0.9836  mAP50-95=0.8177  P=0.9565  R=0.9088
2026-05-21 06:28:44  INFO  epoch   7/100  mAP50=0.9654  mAP50-95=0.7468  P=0.7973  R=0.9639
2026-05-21 06:28:49  INFO  epoch   8/100  mAP50=0.9542  mAP50-95=0.7616  P=0.8776  R=0.8388
2026-05-21 06:28:54  INFO  epoch   9/100  mAP50=0.9370  mAP50-95=0.7291  P=0.8682  R=0.9293
2026-05-21 06:29:00  INFO  epoch  10/100  mAP50=0.9395  mAP50-95=0.6526  P=0.8230  R=0.8495
2026-05-21 06:29:05  INFO  epoch  11/100  mAP50=0.9861  mAP50-95=0.8066  P=0.9189  R=0.9295
2026-05-21 06:29:10  INFO  epoch  12/100  mAP50=0.9950  mAP50-95=0.7832  P=0.9246  R=1.0000
2026-05-21 06:29:15  INFO  epoch  13/100  mAP50=0.9908  mAP50-95=0.8554  P=0.8996  R=0.9856
2026-05-21 06:29:20  INFO  epoch  14/100  mAP50=0.9924  mAP50-95=0.8073  P=0.9356  R=0.9735
2026-05-21 06:29:25  INFO  epoch  15/100  mAP50=0.9950  mAP50-95=0.8350  P=0.9641  R=0.9655
2026-05-21 06:29:31  INFO  epoch  16/100  mAP50=0.9923  mAP50-95=0.8460  P=0.9205  R=0.9947
2026-05-21 06:29:36  INFO  epoch  17/100  mAP50=0.9928  mAP50-95=0.8405  P=0.9552  R=0.9740
2026-05-21 06:29:41  INFO  epoch  18/100  mAP50=0.9881  mAP50-95=0.8603  P=0.9671  R=0.9529
2026-05-21 06:29:46  INFO  epoch  19/100  mAP50=0.9907  mAP50-95=0.8361  P=0.9038  R=0.9958
2026-05-21 06:29:51  INFO  epoch  20/100  mAP50=0.9950  mAP50-95=0.8478  P=0.9806  R=0.9785
2026-05-21 06:29:57  INFO  epoch  21/100  mAP50=0.9660  mAP50-95=0.8212  P=0.9059  R=0.9094
2026-05-21 06:30:02  INFO  epoch  22/100  mAP50=0.9950  mAP50-95=0.8454  P=0.9747  R=0.9854
2026-05-21 06:30:07  INFO  epoch  23/100  mAP50=0.9879  mAP50-95=0.8609  P=0.9303  R=0.9403
2026-05-21 06:30:12  INFO  epoch  24/100  mAP50=0.9716  mAP50-95=0.7874  P=0.8768  R=0.9916
2026-05-21 06:30:17  INFO  epoch  25/100  mAP50=0.9923  mAP50-95=0.8599  P=0.9751  R=0.9468
2026-05-21 06:30:23  INFO  epoch  26/100  mAP50=0.9950  mAP50-95=0.8857  P=0.9788  R=0.9862
2026-05-21 06:30:28  INFO  epoch  27/100  mAP50=0.9928  mAP50-95=0.8060  P=0.9434  R=0.9488
2026-05-21 06:30:33  INFO  epoch  28/100  mAP50=0.9880  mAP50-95=0.8635  P=0.9737  R=0.9256
2026-05-21 06:30:38  INFO  epoch  29/100  mAP50=0.9950  mAP50-95=0.7986  P=0.9753  R=0.9884
2026-05-21 06:30:43  INFO  epoch  30/100  mAP50=0.9950  mAP50-95=0.7963  P=0.9766  R=0.9945
2026-05-21 06:30:49  INFO  epoch  31/100  mAP50=0.9856  mAP50-95=0.8646  P=0.9496  R=0.9547
2026-05-21 06:30:54  INFO  epoch  32/100  mAP50=0.9950  mAP50-95=0.8740  P=0.9646  R=0.9918
2026-05-21 06:30:59  INFO  epoch  33/100  mAP50=0.9902  mAP50-95=0.8792  P=0.9710  R=0.9515
2026-05-21 06:31:04  INFO  epoch  34/100  mAP50=0.9950  mAP50-95=0.8684  P=0.9822  R=0.9792
2026-05-21 06:31:09  INFO  epoch  35/100  mAP50=0.9950  mAP50-95=0.8730  P=0.9753  R=0.9912
2026-05-21 06:31:14  INFO  epoch  36/100  mAP50=0.9950  mAP50-95=0.8847  P=0.9718  R=0.9682
2026-05-21 06:31:20  INFO  epoch  37/100  mAP50=0.9950  mAP50-95=0.8525  P=0.9445  R=1.0000
2026-05-21 06:31:25  INFO  epoch  38/100  mAP50=0.9950  mAP50-95=0.8763  P=0.9733  R=0.9828
2026-05-21 06:31:30  INFO  epoch  39/100  mAP50=0.9950  mAP50-95=0.8784  P=0.9755  R=0.9847
2026-05-21 06:31:35  INFO  epoch  40/100  mAP50=0.9940  mAP50-95=0.8701  P=0.9731  R=0.9939
2026-05-21 06:31:40  INFO  epoch  41/100  mAP50=0.9950  mAP50-95=0.8884  P=0.9817  R=0.9930
2026-05-21 06:31:46  INFO  epoch  42/100  mAP50=0.9950  mAP50-95=0.8813  P=0.9707  R=0.9963
2026-05-21 06:31:51  INFO  epoch  43/100  mAP50=0.9950  mAP50-95=0.8927  P=0.9655  R=0.9949
2026-05-21 06:31:56  INFO  epoch  44/100  mAP50=0.9950  mAP50-95=0.8810  P=0.9884  R=0.9821
2026-05-21 06:32:01  INFO  epoch  45/100  mAP50=0.9950  mAP50-95=0.8885  P=0.9717  R=0.9745
2026-05-21 06:32:07  INFO  epoch  46/100  mAP50=0.9950  mAP50-95=0.8797  P=0.9557  R=0.9867
2026-05-21 06:32:12  INFO  epoch  47/100  mAP50=0.9950  mAP50-95=0.8671  P=0.9664  R=0.9996
2026-05-21 06:32:17  INFO  epoch  48/100  mAP50=0.9940  mAP50-95=0.8810  P=0.9555  R=0.9931
2026-05-21 06:32:22  INFO  epoch  49/100  mAP50=0.9940  mAP50-95=0.8873  P=0.9844  R=0.9615
2026-05-21 06:32:27  INFO  epoch  50/100  mAP50=0.9950  mAP50-95=0.8515  P=0.9742  R=0.9868
2026-05-21 06:32:32  INFO  epoch  51/100  mAP50=0.9950  mAP50-95=0.8669  P=0.9720  R=0.9844
2026-05-21 06:32:38  INFO  epoch  52/100  mAP50=0.9950  mAP50-95=0.8563  P=0.9833  R=0.9766
2026-05-21 06:32:43  INFO  epoch  53/100  mAP50=0.9894  mAP50-95=0.8881  P=0.9621  R=0.9513
2026-05-21 06:32:48  INFO  epoch  54/100  mAP50=0.9950  mAP50-95=0.8797  P=0.9697  R=0.9953
2026-05-21 06:32:53  INFO  epoch  55/100  mAP50=0.9919  mAP50-95=0.8694  P=0.9597  R=0.9834
2026-05-21 06:32:58  INFO  epoch  56/100  mAP50=0.9940  mAP50-95=0.8848  P=0.9898  R=0.9842
2026-05-21 06:33:04  INFO  epoch  57/100  mAP50=0.9919  mAP50-95=0.8841  P=0.9609  R=0.9703
2026-05-21 06:33:09  INFO  epoch  58/100  mAP50=0.9950  mAP50-95=0.8926  P=0.9576  R=0.9957
2026-05-21 06:33:14  INFO  epoch  59/100  mAP50=0.9940  mAP50-95=0.8818  P=0.9941  R=0.9819
2026-05-21 06:33:19  INFO  epoch  60/100  mAP50=0.9950  mAP50-95=0.8987  P=0.9651  R=0.9782
2026-05-21 06:33:25  INFO  epoch  61/100  mAP50=0.9950  mAP50-95=0.8989  P=0.9893  R=0.9874
2026-05-21 06:33:30  INFO  epoch  62/100  mAP50=0.9950  mAP50-95=0.8870  P=0.9914  R=1.0000
2026-05-21 06:33:35  INFO  epoch  63/100  mAP50=0.9950  mAP50-95=0.8742  P=0.9812  R=0.9962
2026-05-21 06:33:40  INFO  epoch  64/100  mAP50=0.9950  mAP50-95=0.8986  P=0.9800  R=0.9943
2026-05-21 06:33:45  INFO  epoch  65/100  mAP50=0.9950  mAP50-95=0.8975  P=0.9852  R=0.9818
2026-05-21 06:33:50  INFO  epoch  66/100  mAP50=0.9950  mAP50-95=0.8784  P=0.9883  R=0.9885
2026-05-21 06:33:56  INFO  epoch  67/100  mAP50=0.9950  mAP50-95=0.8948  P=0.9626  R=0.9974
2026-05-21 06:34:01  INFO  epoch  68/100  mAP50=0.9950  mAP50-95=0.8938  P=0.9661  R=0.9946
2026-05-21 06:34:06  INFO  epoch  69/100  mAP50=0.9950  mAP50-95=0.9021  P=0.9904  R=0.9860
2026-05-21 06:34:11  INFO  epoch  70/100  mAP50=0.9950  mAP50-95=0.9106  P=0.9857  R=0.9959
2026-05-21 06:34:16  INFO  epoch  71/100  mAP50=0.9950  mAP50-95=0.8934  P=0.9651  R=0.9904
2026-05-21 06:34:22  INFO  epoch  72/100  mAP50=0.9950  mAP50-95=0.8729  P=0.9759  R=0.9852
2026-05-21 06:34:27  INFO  epoch  73/100  mAP50=0.9950  mAP50-95=0.9039  P=0.9790  R=0.9963
2026-05-21 06:34:32  INFO  epoch  74/100  mAP50=0.9950  mAP50-95=0.9001  P=0.9766  R=0.9880
2026-05-21 06:34:37  INFO  epoch  75/100  mAP50=0.9950  mAP50-95=0.9054  P=0.9940  R=0.9947
2026-05-21 06:34:42  INFO  epoch  76/100  mAP50=0.9950  mAP50-95=0.8870  P=0.9890  R=0.9912
2026-05-21 06:34:48  INFO  epoch  77/100  mAP50=0.9950  mAP50-95=0.9044  P=0.9854  R=0.9889
2026-05-21 06:34:53  INFO  epoch  78/100  mAP50=0.9950  mAP50-95=0.9048  P=0.9842  R=0.9955
2026-05-21 06:34:58  INFO  epoch  79/100  mAP50=0.9950  mAP50-95=0.8967  P=0.9809  R=0.9908
2026-05-21 06:35:03  INFO  epoch  80/100  mAP50=0.9950  mAP50-95=0.8892  P=0.9805  R=0.9897
2026-05-21 06:35:08  INFO  epoch  81/100  mAP50=0.9950  mAP50-95=0.8881  P=0.9839  R=1.0000
2026-05-21 06:35:14  INFO  epoch  82/100  mAP50=0.9950  mAP50-95=0.9031  P=0.9900  R=0.9945
2026-05-21 06:35:19  INFO  epoch  83/100  mAP50=0.9950  mAP50-95=0.8970  P=0.9714  R=0.9919
2026-05-21 06:35:24  INFO  epoch  84/100  mAP50=0.9950  mAP50-95=0.8977  P=0.9859  R=0.9916
2026-05-21 06:35:29  INFO  epoch  85/100  mAP50=0.9950  mAP50-95=0.8985  P=0.9869  R=0.9985
2026-05-21 06:35:34  INFO  epoch  86/100  mAP50=0.9950  mAP50-95=0.8922  P=0.9939  R=1.0000
2026-05-21 06:35:39  INFO  epoch  87/100  mAP50=0.9950  mAP50-95=0.9031  P=0.9774  R=0.9938
2026-05-21 06:35:45  INFO  epoch  88/100  mAP50=0.9950  mAP50-95=0.8818  P=0.9821  R=0.9975
2026-05-21 06:35:50  INFO  epoch  89/100  mAP50=0.9950  mAP50-95=0.8929  P=0.9810  R=0.9956
2026-05-21 06:35:55  INFO  epoch  90/100  mAP50=0.9950  mAP50-95=0.8921  P=0.9906  R=0.9879
2026-05-21 06:35:55  INFO  early stopping triggered at epoch 90 (best epoch 70)
2026-05-21 06:35:58  INFO  epoch  90/100  mAP50=0.9950  mAP50-95=0.9106  P=0.9858  R=0.9962
2026-05-21 06:35:58  INFO  early stopping triggered at epoch 90 (best epoch 70)
2026-05-21 06:35:58  INFO  training finished -- best weights: /home/aandong/projectYOLO/bottle_test/runs/detect/yolo26s-Botol-Plastik-Kelas-5---9-1/weights/best.pt
2026-05-21 06:35:59  INFO  training complete -- running final validation on the test split
2026-05-21 06:35:59  INFO  ========================================================================
